<?xml version="1.0" encoding="UTF-8"?>
<!-- Generated by org.testng.reporters.JUnitReportReporter -->
<testsuite hostname="DESKTOP-VSL548N" failures="0" tests="3" name="Com.Java.Excel" time="0.047" errors="0" timestamp="2022-06-21T22:50:38 IST" skipped="0">
  <testcase classname="Com.Java.Excel" name="execution" time="0.024"/>
  <system-out/>
  <testcase classname="Com.Java.Excel" name="execution" time="0.010"/>
  <system-out/>
  <testcase classname="Com.Java.Excel" name="execution" time="0.013"/>
  <system-out/>
</testsuite> <!-- Com.Java.Excel -->
