<?xml version="1.0" encoding="UTF-8"?>
<!-- Generated by org.testng.reporters.JUnitReportReporter -->
<testsuite hostname="DESKTOP-VSL548N" failures="0" tests="4" name="Com.Java.testnd" time="0.046" errors="0" timestamp="2022-06-22T21:50:58 IST" skipped="0">
  <testcase classname="Com.Java.testnd" name="A" time="0.030"/>
  <system-out/>
  <testcase classname="Com.Java.testnd" name="D" time="0.005"/>
  <system-out/>
  <testcase classname="Com.Java.testnd" name="C" time="0.006"/>
  <system-out/>
  <testcase classname="Com.Java.testnd" name="B" time="0.005"/>
  <system-out/>
</testsuite> <!-- Com.Java.testnd -->
