<?xml version="1.0" encoding="UTF-8"?>
<!-- Generated by org.testng.reporters.JUnitReportReporter -->
<testsuite hostname="DESKTOP-VSL548N" failures="0" tests="4" name="Com.Java.testng2" time="0.018" errors="0" timestamp="2022-06-22T21:50:58 IST" skipped="0">
  <testcase classname="Com.Java.testng2" name="A" time="0.006"/>
  <system-out>
    <![CDATA[10]]>
  </system-out>
  <testcase classname="Com.Java.testng2" name="D" time="0.004"/>
  <system-out/>
  <testcase classname="Com.Java.testng2" name="C" time="0.005"/>
  <system-out/>
  <testcase classname="Com.Java.testng2" name="B" time="0.003"/>
  <system-out/>
</testsuite> <!-- Com.Java.testng2 -->
